{"/Users/hectorklikailo/Dev/DragonBallProject/dragon-ball-challenge/src/App.tsx": {"path":"/Users/hectorklikailo/Dev/DragonBallProject/dragon-ball-challenge/src/App.tsx","all":false,"statementMap":{"0":{"start":{"line":1,"column":0},"end":{"line":1,"column":31}},"1":{"start":{"line":2,"column":0},"end":{"line":2,"column":63}},"2":{"start":{"line":3,"column":0},"end":{"line":3,"column":32}},"3":{"start":{"line":4,"column":0},"end":{"line":4,"column":37}},"4":{"start":{"line":5,"column":0},"end":{"line":5,"column":41}},"5":{"start":{"line":6,"column":0},"end":{"line":6,"column":19}},"7":{"start":{"line":8,"column":0},"end":{"line":8,"column":16}},"8":{"start":{"line":9,"column":0},"end":{"line":9,"column":10}},"9":{"start":{"line":10,"column":0},"end":{"line":10,"column":30}},"10":{"start":{"line":11,"column":0},"end":{"line":11,"column":29}},"11":{"start":{"line":12,"column":0},"end":{"line":12,"column":20}},"12":{"start":{"line":13,"column":0},"end":{"line":13,"column":45}},"13":{"start":{"line":14,"column":0},"end":{"line":14,"column":60}},"14":{"start":{"line":15,"column":0},"end":{"line":15,"column":14}},"15":{"start":{"line":16,"column":0},"end":{"line":16,"column":31}},"17":{"start":{"line":18,"column":0},"end":{"line":18,"column":1}},"19":{"start":{"line":20,"column":0},"end":{"line":20,"column":19}}},"s":{"0":1,"1":1,"2":1,"3":1,"4":1,"5":1,"7":3,"8":3,"9":3,"10":3,"11":3,"12":3,"13":3,"14":3,"15":3,"17":3,"19":1},"branchMap":{"0":{"type":"branch","line":8,"loc":{"start":{"line":8,"column":0},"end":{"line":18,"column":1}},"locations":[{"start":{"line":8,"column":0},"end":{"line":18,"column":1}}]}},"b":{"0":[3]},"fnMap":{"0":{"name":"App","decl":{"start":{"line":8,"column":0},"end":{"line":18,"column":1}},"loc":{"start":{"line":8,"column":0},"end":{"line":18,"column":1}},"line":8}},"f":{"0":3}}
,"/Users/hectorklikailo/Dev/DragonBallProject/dragon-ball-challenge/src/data.ts": {"path":"/Users/hectorklikailo/Dev/DragonBallProject/dragon-ball-challenge/src/data.ts","all":false,"statementMap":{"0":{"start":{"line":1,"column":0},"end":{"line":1,"column":14}},"1":{"start":{"line":2,"column":0},"end":{"line":2,"column":55}},"2":{"start":{"line":3,"column":0},"end":{"line":3,"column":2}},"4":{"start":{"line":5,"column":0},"end":{"line":5,"column":20}}},"s":{"0":1,"1":1,"2":1,"4":1},"branchMap":{},"b":{},"fnMap":{},"f":{}}
,"/Users/hectorklikailo/Dev/DragonBallProject/dragon-ball-challenge/src/main.tsx": {"path":"/Users/hectorklikailo/Dev/DragonBallProject/dragon-ball-challenge/src/main.tsx","all":false,"statementMap":{"0":{"start":{"line":1,"column":0},"end":{"line":1,"column":34}},"1":{"start":{"line":2,"column":0},"end":{"line":2,"column":45}},"2":{"start":{"line":3,"column":0},"end":{"line":3,"column":20}},"3":{"start":{"line":4,"column":0},"end":{"line":4,"column":27}},"5":{"start":{"line":6,"column":0},"end":{"line":6,"column":52}},"6":{"start":{"line":7,"column":0},"end":{"line":7,"column":14}},"7":{"start":{"line":8,"column":0},"end":{"line":8,"column":11}},"8":{"start":{"line":9,"column":0},"end":{"line":9,"column":16}},"9":{"start":{"line":10,"column":0},"end":{"line":10,"column":1}}},"s":{"0":1,"1":1,"2":1,"3":1,"5":1,"6":1,"7":1,"8":1,"9":1},"branchMap":{},"b":{},"fnMap":{},"f":{}}
,"/Users/hectorklikailo/Dev/DragonBallProject/dragon-ball-challenge/src/setupTests.ts": {"path":"/Users/hectorklikailo/Dev/DragonBallProject/dragon-ball-challenge/src/setupTests.ts","all":true,"statementMap":{"4":{"start":{"line":5,"column":0},"end":{"line":5,"column":35}}},"s":{"4":0},"branchMap":{"0":{"type":"branch","line":1,"loc":{"start":{"line":1,"column":240},"end":{"line":5,"column":35}},"locations":[{"start":{"line":1,"column":240},"end":{"line":5,"column":35}}]}},"b":{"0":[1]},"fnMap":{"0":{"name":"(empty-report)","decl":{"start":{"line":1,"column":240},"end":{"line":5,"column":35}},"loc":{"start":{"line":1,"column":240},"end":{"line":5,"column":35}},"line":1}},"f":{"0":1}}
,"/Users/hectorklikailo/Dev/DragonBallProject/dragon-ball-challenge/src/assets/icon/search.tsx": {"path":"/Users/hectorklikailo/Dev/DragonBallProject/dragon-ball-challenge/src/assets/icon/search.tsx","all":false,"statementMap":{"0":{"start":{"line":1,"column":0},"end":{"line":1,"column":46}},"1":{"start":{"line":2,"column":0},"end":{"line":2,"column":6}},"2":{"start":{"line":3,"column":0},"end":{"line":3,"column":38}},"3":{"start":{"line":4,"column":0},"end":{"line":4,"column":11}},"4":{"start":{"line":5,"column":0},"end":{"line":5,"column":11}},"5":{"start":{"line":6,"column":0},"end":{"line":6,"column":14}},"6":{"start":{"line":7,"column":0},"end":{"line":7,"column":15}},"7":{"start":{"line":8,"column":0},"end":{"line":8,"column":23}},"8":{"start":{"line":9,"column":0},"end":{"line":9,"column":29}},"9":{"start":{"line":10,"column":0},"end":{"line":10,"column":28}},"11":{"start":{"line":12,"column":0},"end":{"line":12,"column":417}},"12":{"start":{"line":13,"column":0},"end":{"line":13,"column":8}}},"s":{"0":1,"1":8,"2":8,"3":8,"4":8,"5":8,"6":8,"7":8,"8":8,"9":8,"11":8,"12":8},"branchMap":{"0":{"type":"branch","line":1,"loc":{"start":{"line":1,"column":26},"end":{"line":13,"column":8}},"locations":[{"start":{"line":1,"column":26},"end":{"line":13,"column":8}}]}},"b":{"0":[8]},"fnMap":{"0":{"name":"SearchIcon","decl":{"start":{"line":1,"column":26},"end":{"line":13,"column":8}},"loc":{"start":{"line":1,"column":26},"end":{"line":13,"column":8}},"line":1}},"f":{"0":8}}
,"/Users/hectorklikailo/Dev/DragonBallProject/dragon-ball-challenge/src/components/Character/index.tsx": {"path":"/Users/hectorklikailo/Dev/DragonBallProject/dragon-ball-challenge/src/components/Character/index.tsx","all":false,"statementMap":{"0":{"start":{"line":1,"column":0},"end":{"line":1,"column":30}},"1":{"start":{"line":2,"column":0},"end":{"line":2,"column":25}},"2":{"start":{"line":3,"column":0},"end":{"line":3,"column":33}},"3":{"start":{"line":4,"column":0},"end":{"line":4,"column":22}},"11":{"start":{"line":12,"column":0},"end":{"line":12,"column":47}},"12":{"start":{"line":13,"column":0},"end":{"line":13,"column":52}},"14":{"start":{"line":15,"column":0},"end":{"line":15,"column":10}},"15":{"start":{"line":16,"column":0},"end":{"line":16,"column":119}},"16":{"start":{"line":17,"column":0},"end":{"line":17,"column":63}},"17":{"start":{"line":18,"column":0},"end":{"line":18,"column":52}},"18":{"start":{"line":19,"column":0},"end":{"line":19,"column":13}},"19":{"start":{"line":20,"column":0},"end":{"line":20,"column":78}},"20":{"start":{"line":21,"column":0},"end":{"line":21,"column":24}},"21":{"start":{"line":22,"column":0},"end":{"line":22,"column":41}},"22":{"start":{"line":23,"column":0},"end":{"line":23,"column":47}},"23":{"start":{"line":24,"column":0},"end":{"line":24,"column":14}},"24":{"start":{"line":25,"column":0},"end":{"line":25,"column":12}},"25":{"start":{"line":26,"column":0},"end":{"line":26,"column":10}},"27":{"start":{"line":28,"column":0},"end":{"line":28,"column":1}},"29":{"start":{"line":30,"column":0},"end":{"line":30,"column":25}}},"s":{"0":1,"1":1,"2":1,"3":1,"11":9,"12":9,"14":9,"15":9,"16":9,"17":9,"18":9,"19":9,"20":9,"21":9,"22":9,"23":9,"24":9,"25":9,"27":9,"29":1},"branchMap":{"0":{"type":"branch","line":12,"loc":{"start":{"line":12,"column":0},"end":{"line":28,"column":1}},"locations":[{"start":{"line":12,"column":0},"end":{"line":28,"column":1}}]},"1":{"type":"branch","line":20,"loc":{"start":{"line":20,"column":48},"end":{"line":20,"column":72}},"locations":[{"start":{"line":20,"column":48},"end":{"line":20,"column":72}}]},"2":{"type":"branch","line":20,"loc":{"start":{"line":20,"column":60},"end":{"line":20,"column":74}},"locations":[{"start":{"line":20,"column":60},"end":{"line":20,"column":74}}]},"3":{"type":"branch","line":16,"loc":{"start":{"line":16,"column":52},"end":{"line":16,"column":78}},"locations":[{"start":{"line":16,"column":52},"end":{"line":16,"column":78}}]},"4":{"type":"branch","line":16,"loc":{"start":{"line":16,"column":92},"end":{"line":16,"column":119}},"locations":[{"start":{"line":16,"column":92},"end":{"line":16,"column":119}}]}},"b":{"0":[9],"1":[1],"2":[8],"3":[1],"4":[1]},"fnMap":{"0":{"name":"Character","decl":{"start":{"line":12,"column":0},"end":{"line":28,"column":1}},"loc":{"start":{"line":12,"column":0},"end":{"line":28,"column":1}},"line":12},"1":{"name":"onMouseOver","decl":{"start":{"line":16,"column":52},"end":{"line":16,"column":78}},"loc":{"start":{"line":16,"column":52},"end":{"line":16,"column":78}},"line":16},"2":{"name":"onMouseLeave","decl":{"start":{"line":16,"column":92},"end":{"line":16,"column":119}},"loc":{"start":{"line":16,"column":92},"end":{"line":16,"column":119}},"line":16}},"f":{"0":9,"1":1,"2":1}}
,"/Users/hectorklikailo/Dev/DragonBallProject/dragon-ball-challenge/src/components/CharactersList/index.tsx": {"path":"/Users/hectorklikailo/Dev/DragonBallProject/dragon-ball-challenge/src/components/CharactersList/index.tsx","all":false,"statementMap":{"0":{"start":{"line":1,"column":0},"end":{"line":1,"column":46}},"2":{"start":{"line":3,"column":0},"end":{"line":3,"column":22}},"4":{"start":{"line":5,"column":0},"end":{"line":5,"column":40}},"5":{"start":{"line":6,"column":0},"end":{"line":6,"column":13}},"6":{"start":{"line":7,"column":0},"end":{"line":7,"column":4}},"8":{"start":{"line":9,"column":0},"end":{"line":9,"column":4}},"9":{"start":{"line":10,"column":0},"end":{"line":10,"column":10}},"10":{"start":{"line":11,"column":0},"end":{"line":11,"column":37}},"11":{"start":{"line":12,"column":0},"end":{"line":12,"column":39}},"12":{"start":{"line":13,"column":0},"end":{"line":13,"column":16}},"13":{"start":{"line":14,"column":0},"end":{"line":14,"column":29}},"14":{"start":{"line":15,"column":0},"end":{"line":15,"column":31}},"15":{"start":{"line":16,"column":0},"end":{"line":16,"column":34}},"16":{"start":{"line":17,"column":0},"end":{"line":17,"column":33}},"17":{"start":{"line":18,"column":0},"end":{"line":18,"column":29}},"18":{"start":{"line":19,"column":0},"end":{"line":19,"column":12}},"20":{"start":{"line":21,"column":0},"end":{"line":21,"column":9}},"21":{"start":{"line":22,"column":0},"end":{"line":22,"column":10}},"23":{"start":{"line":24,"column":0},"end":{"line":24,"column":1}}},"s":{"0":1,"2":1,"4":5,"5":5,"6":5,"8":5,"9":5,"10":5,"11":5,"12":10,"13":10,"14":10,"15":10,"16":10,"17":10,"18":10,"20":5,"21":5,"23":5},"branchMap":{"0":{"type":"branch","line":5,"loc":{"start":{"line":5,"column":0},"end":{"line":24,"column":1}},"locations":[{"start":{"line":5,"column":0},"end":{"line":24,"column":1}}]},"1":{"type":"branch","line":12,"loc":{"start":{"line":12,"column":23},"end":{"line":21,"column":7}},"locations":[{"start":{"line":12,"column":23},"end":{"line":21,"column":7}}]}},"b":{"0":[5],"1":[10]},"fnMap":{"0":{"name":"CharactersList","decl":{"start":{"line":5,"column":0},"end":{"line":24,"column":1}},"loc":{"start":{"line":5,"column":0},"end":{"line":24,"column":1}},"line":5}},"f":{"0":5}}
,"/Users/hectorklikailo/Dev/DragonBallProject/dragon-ball-challenge/src/components/Details/index.tsx": {"path":"/Users/hectorklikailo/Dev/DragonBallProject/dragon-ball-challenge/src/components/Details/index.tsx","all":false,"statementMap":{"1":{"start":{"line":2,"column":0},"end":{"line":2,"column":25}},"2":{"start":{"line":3,"column":0},"end":{"line":3,"column":22}},"23":{"start":{"line":24,"column":0},"end":{"line":24,"column":66}},"24":{"start":{"line":25,"column":0},"end":{"line":25,"column":19}},"25":{"start":{"line":26,"column":0},"end":{"line":26,"column":42}},"26":{"start":{"line":27,"column":0},"end":{"line":27,"column":3}},"28":{"start":{"line":29,"column":0},"end":{"line":29,"column":10}},"29":{"start":{"line":30,"column":0},"end":{"line":30,"column":6}},"30":{"start":{"line":31,"column":0},"end":{"line":31,"column":48}},"31":{"start":{"line":32,"column":0},"end":{"line":32,"column":41}},"32":{"start":{"line":33,"column":0},"end":{"line":33,"column":60}},"33":{"start":{"line":34,"column":0},"end":{"line":34,"column":14}},"34":{"start":{"line":35,"column":0},"end":{"line":35,"column":40}},"35":{"start":{"line":36,"column":0},"end":{"line":36,"column":43}},"36":{"start":{"line":37,"column":0},"end":{"line":37,"column":37}},"37":{"start":{"line":38,"column":0},"end":{"line":38,"column":55}},"38":{"start":{"line":39,"column":0},"end":{"line":39,"column":16}},"39":{"start":{"line":40,"column":0},"end":{"line":40,"column":40}},"40":{"start":{"line":41,"column":0},"end":{"line":41,"column":14}},"41":{"start":{"line":42,"column":0},"end":{"line":42,"column":12}},"42":{"start":{"line":43,"column":0},"end":{"line":43,"column":45}},"43":{"start":{"line":44,"column":0},"end":{"line":44,"column":40}},"44":{"start":{"line":45,"column":0},"end":{"line":45,"column":34}},"45":{"start":{"line":46,"column":0},"end":{"line":46,"column":48}},"46":{"start":{"line":47,"column":0},"end":{"line":47,"column":65}},"47":{"start":{"line":48,"column":0},"end":{"line":48,"column":71}},"48":{"start":{"line":49,"column":0},"end":{"line":49,"column":45}},"49":{"start":{"line":50,"column":0},"end":{"line":50,"column":78}},"50":{"start":{"line":51,"column":0},"end":{"line":51,"column":22}},"51":{"start":{"line":52,"column":0},"end":{"line":52,"column":77}},"52":{"start":{"line":53,"column":0},"end":{"line":53,"column":46}},"53":{"start":{"line":54,"column":0},"end":{"line":54,"column":20}},"54":{"start":{"line":55,"column":0},"end":{"line":55,"column":15}},"55":{"start":{"line":56,"column":0},"end":{"line":56,"column":16}},"56":{"start":{"line":57,"column":0},"end":{"line":57,"column":14}},"57":{"start":{"line":58,"column":0},"end":{"line":58,"column":16}},"58":{"start":{"line":59,"column":0},"end":{"line":59,"column":7}},"60":{"start":{"line":61,"column":0},"end":{"line":61,"column":2}},"62":{"start":{"line":63,"column":0},"end":{"line":63,"column":26}}},"s":{"1":1,"2":1,"23":1,"24":5,"25":1,"26":1,"28":4,"29":4,"30":4,"31":4,"32":4,"33":4,"34":4,"35":4,"36":4,"37":4,"38":4,"39":4,"40":4,"41":4,"42":4,"43":2,"44":2,"45":2,"46":2,"47":2,"48":2,"49":2,"50":2,"51":2,"52":2,"53":2,"54":2,"55":2,"56":2,"57":2,"58":5,"60":5,"62":1},"branchMap":{"0":{"type":"branch","line":24,"loc":{"start":{"line":24,"column":46},"end":{"line":61,"column":2}},"locations":[{"start":{"line":24,"column":46},"end":{"line":61,"column":2}}]},"1":{"type":"branch","line":25,"loc":{"start":{"line":25,"column":18},"end":{"line":27,"column":3}},"locations":[{"start":{"line":25,"column":18},"end":{"line":27,"column":3}}]},"2":{"type":"branch","line":27,"loc":{"start":{"line":27,"column":2},"end":{"line":43,"column":45}},"locations":[{"start":{"line":27,"column":2},"end":{"line":43,"column":45}}]},"3":{"type":"branch","line":43,"loc":{"start":{"line":43,"column":18},"end":{"line":43,"column":45}},"locations":[{"start":{"line":43,"column":18},"end":{"line":43,"column":45}}]},"4":{"type":"branch","line":43,"loc":{"start":{"line":43,"column":35},"end":{"line":57,"column":14}},"locations":[{"start":{"line":43,"column":35},"end":{"line":57,"column":14}}]},"5":{"type":"branch","line":57,"loc":{"start":{"line":57,"column":8},"end":{"line":58,"column":16}},"locations":[{"start":{"line":57,"column":8},"end":{"line":58,"column":16}}]},"6":{"type":"branch","line":47,"loc":{"start":{"line":47,"column":44},"end":{"line":54,"column":20}},"locations":[{"start":{"line":47,"column":44},"end":{"line":54,"column":20}}]}},"b":{"0":[5],"1":[1],"2":[4],"3":[3],"4":[2],"5":[2],"6":[2]},"fnMap":{"0":{"name":"DetailView","decl":{"start":{"line":24,"column":46},"end":{"line":61,"column":2}},"loc":{"start":{"line":24,"column":46},"end":{"line":61,"column":2}},"line":24}},"f":{"0":5}}
,"/Users/hectorklikailo/Dev/DragonBallProject/dragon-ball-challenge/src/components/Fav/index.tsx": {"path":"/Users/hectorklikailo/Dev/DragonBallProject/dragon-ball-challenge/src/components/Fav/index.tsx","all":false,"statementMap":{"0":{"start":{"line":1,"column":0},"end":{"line":1,"column":35}},"1":{"start":{"line":2,"column":0},"end":{"line":2,"column":55}},"2":{"start":{"line":3,"column":0},"end":{"line":3,"column":22}},"4":{"start":{"line":5,"column":0},"end":{"line":5,"column":84}},"5":{"start":{"line":6,"column":0},"end":{"line":6,"column":67}},"7":{"start":{"line":8,"column":0},"end":{"line":8,"column":29}},"8":{"start":{"line":9,"column":0},"end":{"line":9,"column":23}},"9":{"start":{"line":10,"column":0},"end":{"line":10,"column":4}},"11":{"start":{"line":12,"column":0},"end":{"line":12,"column":47}},"12":{"start":{"line":13,"column":0},"end":{"line":13,"column":66}},"13":{"start":{"line":14,"column":0},"end":{"line":14,"column":42}},"15":{"start":{"line":16,"column":0},"end":{"line":16,"column":10}},"16":{"start":{"line":17,"column":0},"end":{"line":17,"column":6}},"17":{"start":{"line":18,"column":0},"end":{"line":18,"column":13}},"18":{"start":{"line":19,"column":0},"end":{"line":19,"column":34}},"19":{"start":{"line":20,"column":0},"end":{"line":20,"column":29}},"20":{"start":{"line":21,"column":0},"end":{"line":21,"column":38}},"22":{"start":{"line":23,"column":0},"end":{"line":23,"column":44}},"23":{"start":{"line":24,"column":0},"end":{"line":24,"column":17}},"24":{"start":{"line":25,"column":0},"end":{"line":25,"column":15}},"25":{"start":{"line":26,"column":0},"end":{"line":26,"column":15}},"26":{"start":{"line":27,"column":0},"end":{"line":27,"column":7}},"28":{"start":{"line":29,"column":0},"end":{"line":29,"column":1}}},"s":{"0":1,"1":1,"2":1,"4":9,"5":9,"7":9,"8":1,"9":1,"11":9,"12":3,"13":6,"15":9,"16":9,"17":9,"18":9,"19":9,"20":9,"22":9,"23":9,"24":9,"25":9,"26":9,"28":9},"branchMap":{"0":{"type":"branch","line":5,"loc":{"start":{"line":5,"column":0},"end":{"line":29,"column":1}},"locations":[{"start":{"line":5,"column":0},"end":{"line":29,"column":1}}]},"1":{"type":"branch","line":12,"loc":{"start":{"line":12,"column":46},"end":{"line":13,"column":66}},"locations":[{"start":{"line":12,"column":46},"end":{"line":13,"column":66}}]},"2":{"type":"branch","line":13,"loc":{"start":{"line":13,"column":42},"end":{"line":13,"column":61}},"locations":[{"start":{"line":13,"column":42},"end":{"line":13,"column":61}}]},"3":{"type":"branch","line":13,"loc":{"start":{"line":13,"column":54},"end":{"line":13,"column":65}},"locations":[{"start":{"line":13,"column":54},"end":{"line":13,"column":65}}]},"4":{"type":"branch","line":13,"loc":{"start":{"line":13,"column":65},"end":{"line":14,"column":42}},"locations":[{"start":{"line":13,"column":65},"end":{"line":14,"column":42}}]},"5":{"type":"branch","line":8,"loc":{"start":{"line":8,"column":22},"end":{"line":10,"column":4}},"locations":[{"start":{"line":8,"column":22},"end":{"line":10,"column":4}}]}},"b":{"0":[9],"1":[3],"2":[1],"3":[2],"4":[6],"5":[1]},"fnMap":{"0":{"name":"Fav","decl":{"start":{"line":5,"column":0},"end":{"line":29,"column":1}},"loc":{"start":{"line":5,"column":0},"end":{"line":29,"column":1}},"line":5},"1":{"name":"handleClick","decl":{"start":{"line":8,"column":22},"end":{"line":10,"column":4}},"loc":{"start":{"line":8,"column":22},"end":{"line":10,"column":4}},"line":8}},"f":{"0":9,"1":1}}
,"/Users/hectorklikailo/Dev/DragonBallProject/dragon-ball-challenge/src/components/Navbar/index.tsx": {"path":"/Users/hectorklikailo/Dev/DragonBallProject/dragon-ball-challenge/src/components/Navbar/index.tsx","all":false,"statementMap":{"0":{"start":{"line":1,"column":0},"end":{"line":1,"column":35}},"1":{"start":{"line":2,"column":0},"end":{"line":2,"column":37}},"2":{"start":{"line":3,"column":0},"end":{"line":3,"column":52}},"3":{"start":{"line":4,"column":0},"end":{"line":4,"column":48}},"4":{"start":{"line":5,"column":0},"end":{"line":5,"column":22}},"6":{"start":{"line":7,"column":0},"end":{"line":7,"column":22}},"7":{"start":{"line":8,"column":0},"end":{"line":8,"column":70}},"8":{"start":{"line":9,"column":0},"end":{"line":9,"column":37}},"10":{"start":{"line":11,"column":0},"end":{"line":11,"column":28}},"11":{"start":{"line":12,"column":0},"end":{"line":12,"column":32}},"12":{"start":{"line":13,"column":0},"end":{"line":13,"column":18}},"13":{"start":{"line":14,"column":0},"end":{"line":14,"column":4}},"15":{"start":{"line":16,"column":0},"end":{"line":16,"column":27}},"16":{"start":{"line":17,"column":0},"end":{"line":17,"column":27}},"17":{"start":{"line":18,"column":0},"end":{"line":18,"column":18}},"18":{"start":{"line":19,"column":0},"end":{"line":19,"column":4}},"20":{"start":{"line":21,"column":0},"end":{"line":21,"column":10}},"21":{"start":{"line":22,"column":0},"end":{"line":22,"column":28}},"22":{"start":{"line":23,"column":0},"end":{"line":23,"column":56}},"23":{"start":{"line":24,"column":0},"end":{"line":24,"column":66}},"24":{"start":{"line":25,"column":0},"end":{"line":25,"column":15}},"26":{"start":{"line":27,"column":0},"end":{"line":27,"column":33}},"27":{"start":{"line":28,"column":0},"end":{"line":28,"column":13}},"28":{"start":{"line":29,"column":0},"end":{"line":29,"column":32}},"29":{"start":{"line":30,"column":0},"end":{"line":30,"column":29}},"30":{"start":{"line":31,"column":0},"end":{"line":31,"column":61}},"31":{"start":{"line":32,"column":0},"end":{"line":32,"column":9}},"32":{"start":{"line":33,"column":0},"end":{"line":33,"column":31}},"33":{"start":{"line":34,"column":0},"end":{"line":34,"column":15}},"34":{"start":{"line":35,"column":0},"end":{"line":35,"column":12}},"35":{"start":{"line":36,"column":0},"end":{"line":36,"column":10}},"37":{"start":{"line":38,"column":0},"end":{"line":38,"column":2}},"39":{"start":{"line":40,"column":0},"end":{"line":40,"column":22}}},"s":{"0":1,"1":1,"2":1,"3":1,"4":1,"6":1,"7":4,"8":4,"10":4,"11":1,"12":1,"13":1,"15":4,"16":1,"17":1,"18":1,"20":4,"21":4,"22":4,"23":4,"24":4,"26":4,"27":4,"28":4,"29":4,"30":4,"31":4,"32":4,"33":4,"34":4,"35":4,"37":4,"39":1},"branchMap":{"0":{"type":"branch","line":7,"loc":{"start":{"line":7,"column":15},"end":{"line":38,"column":2}},"locations":[{"start":{"line":7,"column":15},"end":{"line":38,"column":2}}]},"1":{"type":"branch","line":11,"loc":{"start":{"line":11,"column":21},"end":{"line":14,"column":4}},"locations":[{"start":{"line":11,"column":21},"end":{"line":14,"column":4}}]},"2":{"type":"branch","line":16,"loc":{"start":{"line":16,"column":20},"end":{"line":19,"column":4}},"locations":[{"start":{"line":16,"column":20},"end":{"line":19,"column":4}}]}},"b":{"0":[4],"1":[1],"2":[1]},"fnMap":{"0":{"name":"Navbar","decl":{"start":{"line":7,"column":15},"end":{"line":38,"column":2}},"loc":{"start":{"line":7,"column":15},"end":{"line":38,"column":2}},"line":7},"1":{"name":"handleLogo","decl":{"start":{"line":11,"column":21},"end":{"line":14,"column":4}},"loc":{"start":{"line":11,"column":21},"end":{"line":14,"column":4}},"line":11},"2":{"name":"toggleFav","decl":{"start":{"line":16,"column":20},"end":{"line":19,"column":4}},"loc":{"start":{"line":16,"column":20},"end":{"line":19,"column":4}},"line":16}},"f":{"0":4,"1":1,"2":1}}
,"/Users/hectorklikailo/Dev/DragonBallProject/dragon-ball-challenge/src/components/SearchBox/index.tsx": {"path":"/Users/hectorklikailo/Dev/DragonBallProject/dragon-ball-challenge/src/components/SearchBox/index.tsx","all":false,"statementMap":{"0":{"start":{"line":1,"column":0},"end":{"line":1,"column":57}},"1":{"start":{"line":2,"column":0},"end":{"line":2,"column":22}},"8":{"start":{"line":9,"column":0},"end":{"line":9,"column":81}},"10":{"start":{"line":11,"column":0},"end":{"line":11,"column":69}},"11":{"start":{"line":12,"column":0},"end":{"line":12,"column":35}},"12":{"start":{"line":13,"column":0},"end":{"line":13,"column":4}},"14":{"start":{"line":15,"column":0},"end":{"line":15,"column":73}},"15":{"start":{"line":16,"column":0},"end":{"line":16,"column":28}},"16":{"start":{"line":17,"column":0},"end":{"line":17,"column":25}},"17":{"start":{"line":18,"column":0},"end":{"line":18,"column":39}},"18":{"start":{"line":19,"column":0},"end":{"line":19,"column":5}},"19":{"start":{"line":20,"column":0},"end":{"line":20,"column":4}},"21":{"start":{"line":22,"column":0},"end":{"line":22,"column":10}},"22":{"start":{"line":23,"column":0},"end":{"line":23,"column":9}},"23":{"start":{"line":24,"column":0},"end":{"line":24,"column":19}},"24":{"start":{"line":25,"column":0},"end":{"line":25,"column":36}},"25":{"start":{"line":26,"column":0},"end":{"line":26,"column":42}},"27":{"start":{"line":28,"column":0},"end":{"line":28,"column":30}},"28":{"start":{"line":29,"column":0},"end":{"line":29,"column":22}},"29":{"start":{"line":30,"column":0},"end":{"line":30,"column":14}},"30":{"start":{"line":31,"column":0},"end":{"line":31,"column":34}},"31":{"start":{"line":32,"column":0},"end":{"line":32,"column":23}},"32":{"start":{"line":33,"column":0},"end":{"line":33,"column":42}},"33":{"start":{"line":34,"column":0},"end":{"line":34,"column":28}},"34":{"start":{"line":35,"column":0},"end":{"line":35,"column":34}},"35":{"start":{"line":36,"column":0},"end":{"line":36,"column":37}},"36":{"start":{"line":37,"column":0},"end":{"line":37,"column":45}},"37":{"start":{"line":38,"column":0},"end":{"line":38,"column":10}},"38":{"start":{"line":39,"column":0},"end":{"line":39,"column":12}},"39":{"start":{"line":40,"column":0},"end":{"line":40,"column":11}},"41":{"start":{"line":42,"column":0},"end":{"line":42,"column":2}},"43":{"start":{"line":44,"column":0},"end":{"line":44,"column":25}}},"s":{"0":1,"1":1,"8":1,"10":8,"11":1,"12":1,"14":8,"15":3,"16":3,"17":3,"18":3,"19":3,"21":8,"22":8,"23":8,"24":8,"25":8,"27":8,"28":8,"29":8,"30":8,"31":8,"32":8,"33":8,"34":8,"35":8,"36":8,"37":8,"38":8,"39":8,"41":8,"43":1},"branchMap":{"0":{"type":"branch","line":9,"loc":{"start":{"line":9,"column":44},"end":{"line":42,"column":2}},"locations":[{"start":{"line":9,"column":44},"end":{"line":42,"column":2}}]},"1":{"type":"branch","line":11,"loc":{"start":{"line":11,"column":24},"end":{"line":13,"column":4}},"locations":[{"start":{"line":11,"column":24},"end":{"line":13,"column":4}}]},"2":{"type":"branch","line":15,"loc":{"start":{"line":15,"column":26},"end":{"line":20,"column":4}},"locations":[{"start":{"line":15,"column":26},"end":{"line":20,"column":4}}]}},"b":{"0":[8],"1":[1],"2":[3]},"fnMap":{"0":{"name":"SearchBox","decl":{"start":{"line":9,"column":44},"end":{"line":42,"column":2}},"loc":{"start":{"line":9,"column":44},"end":{"line":42,"column":2}},"line":9},"1":{"name":"onInputChange","decl":{"start":{"line":11,"column":24},"end":{"line":13,"column":4}},"loc":{"start":{"line":11,"column":24},"end":{"line":13,"column":4}},"line":11},"2":{"name":"onEnterKeyPress","decl":{"start":{"line":15,"column":26},"end":{"line":20,"column":4}},"loc":{"start":{"line":15,"column":26},"end":{"line":20,"column":4}},"line":15},"3":{"name":"onSubmit","decl":{"start":{"line":26,"column":16},"end":{"line":26,"column":42}},"loc":{"start":{"line":26,"column":16},"end":{"line":26,"column":42}},"line":26}},"f":{"0":8,"1":1,"2":3,"3":0}}
,"/Users/hectorklikailo/Dev/DragonBallProject/dragon-ball-challenge/src/components/Spinner/index.tsx": {"path":"/Users/hectorklikailo/Dev/DragonBallProject/dragon-ball-challenge/src/components/Spinner/index.tsx","all":false,"statementMap":{"0":{"start":{"line":1,"column":0},"end":{"line":1,"column":22}},"2":{"start":{"line":3,"column":0},"end":{"line":3,"column":35}},"3":{"start":{"line":4,"column":0},"end":{"line":4,"column":10}},"4":{"start":{"line":5,"column":0},"end":{"line":5,"column":52}},"5":{"start":{"line":6,"column":0},"end":{"line":6,"column":17}},"6":{"start":{"line":7,"column":0},"end":{"line":7,"column":17}},"7":{"start":{"line":8,"column":0},"end":{"line":8,"column":17}},"8":{"start":{"line":9,"column":0},"end":{"line":9,"column":17}},"9":{"start":{"line":10,"column":0},"end":{"line":10,"column":10}},"11":{"start":{"line":12,"column":0},"end":{"line":12,"column":1}}},"s":{"0":1,"2":3,"3":3,"4":3,"5":3,"6":3,"7":3,"8":3,"9":3,"11":3},"branchMap":{"0":{"type":"branch","line":3,"loc":{"start":{"line":3,"column":0},"end":{"line":12,"column":1}},"locations":[{"start":{"line":3,"column":0},"end":{"line":12,"column":1}}]}},"b":{"0":[3]},"fnMap":{"0":{"name":"Spinner","decl":{"start":{"line":3,"column":0},"end":{"line":12,"column":1}},"loc":{"start":{"line":3,"column":0},"end":{"line":12,"column":1}},"line":3}},"f":{"0":3}}
,"/Users/hectorklikailo/Dev/DragonBallProject/dragon-ball-challenge/src/context/UserContext.tsx": {"path":"/Users/hectorklikailo/Dev/DragonBallProject/dragon-ball-challenge/src/context/UserContext.tsx","all":false,"statementMap":{"0":{"start":{"line":1,"column":0},"end":{"line":1,"column":66}},"1":{"start":{"line":2,"column":0},"end":{"line":2,"column":62}},"14":{"start":{"line":15,"column":0},"end":{"line":15,"column":51}},"15":{"start":{"line":16,"column":0},"end":{"line":16,"column":16}},"16":{"start":{"line":17,"column":0},"end":{"line":17,"column":23}},"17":{"start":{"line":18,"column":0},"end":{"line":18,"column":33}},"18":{"start":{"line":19,"column":0},"end":{"line":19,"column":27}},"19":{"start":{"line":20,"column":0},"end":{"line":20,"column":2}},"21":{"start":{"line":22,"column":0},"end":{"line":22,"column":80}},"23":{"start":{"line":24,"column":0},"end":{"line":24,"column":75}},"24":{"start":{"line":25,"column":0},"end":{"line":25,"column":56}},"25":{"start":{"line":26,"column":0},"end":{"line":26,"column":59}},"26":{"start":{"line":27,"column":0},"end":{"line":27,"column":69}},"28":{"start":{"line":29,"column":0},"end":{"line":29,"column":19}},"29":{"start":{"line":30,"column":0},"end":{"line":30,"column":49}},"30":{"start":{"line":31,"column":0},"end":{"line":31,"column":9}},"32":{"start":{"line":33,"column":0},"end":{"line":33,"column":42}},"33":{"start":{"line":34,"column":0},"end":{"line":34,"column":75}},"34":{"start":{"line":35,"column":0},"end":{"line":35,"column":35}},"35":{"start":{"line":36,"column":0},"end":{"line":36,"column":52}},"36":{"start":{"line":37,"column":0},"end":{"line":37,"column":4}},"38":{"start":{"line":39,"column":0},"end":{"line":39,"column":53}},"39":{"start":{"line":40,"column":0},"end":{"line":40,"column":46}},"40":{"start":{"line":41,"column":0},"end":{"line":41,"column":4}},"42":{"start":{"line":43,"column":0},"end":{"line":43,"column":10}},"43":{"start":{"line":44,"column":0},"end":{"line":44,"column":28}},"44":{"start":{"line":45,"column":0},"end":{"line":45,"column":80}},"46":{"start":{"line":47,"column":0},"end":{"line":47,"column":16}},"47":{"start":{"line":48,"column":0},"end":{"line":48,"column":30}},"49":{"start":{"line":50,"column":0},"end":{"line":50,"column":1}},"51":{"start":{"line":52,"column":0},"end":{"line":52,"column":30}}},"s":{"0":1,"1":1,"14":1,"15":1,"16":1,"17":1,"18":1,"19":1,"21":1,"23":1,"24":18,"25":18,"26":18,"28":18,"29":7,"30":18,"32":18,"33":3,"34":3,"35":3,"36":3,"38":18,"39":1,"40":1,"42":18,"43":18,"44":18,"46":18,"47":18,"49":18,"51":1},"branchMap":{"0":{"type":"branch","line":24,"loc":{"start":{"line":24,"column":7},"end":{"line":50,"column":1}},"locations":[{"start":{"line":24,"column":7},"end":{"line":50,"column":1}}]},"1":{"type":"branch","line":29,"loc":{"start":{"line":29,"column":12},"end":{"line":31,"column":5}},"locations":[{"start":{"line":29,"column":12},"end":{"line":31,"column":5}}]},"2":{"type":"branch","line":33,"loc":{"start":{"line":33,"column":25},"end":{"line":37,"column":4}},"locations":[{"start":{"line":33,"column":25},"end":{"line":37,"column":4}}]},"3":{"type":"branch","line":39,"loc":{"start":{"line":39,"column":31},"end":{"line":41,"column":4}},"locations":[{"start":{"line":39,"column":31},"end":{"line":41,"column":4}}]}},"b":{"0":[18],"1":[7],"2":[3],"3":[1]},"fnMap":{"0":{"name":"toggleFavoriteScreen","decl":{"start":{"line":18,"column":24},"end":{"line":18,"column":33}},"loc":{"start":{"line":18,"column":24},"end":{"line":18,"column":33}},"line":18},"1":{"name":"toggleFavorite","decl":{"start":{"line":19,"column":18},"end":{"line":19,"column":27}},"loc":{"start":{"line":19,"column":18},"end":{"line":19,"column":27}},"line":19},"2":{"name":"SessionContextProvider","decl":{"start":{"line":24,"column":7},"end":{"line":50,"column":1}},"loc":{"start":{"line":24,"column":7},"end":{"line":50,"column":1}},"line":24},"3":{"name":"toggleFavorite","decl":{"start":{"line":33,"column":25},"end":{"line":37,"column":4}},"loc":{"start":{"line":33,"column":25},"end":{"line":37,"column":4}},"line":33},"4":{"name":"toggleFavoriteScreen","decl":{"start":{"line":39,"column":31},"end":{"line":41,"column":4}},"loc":{"start":{"line":39,"column":31},"end":{"line":41,"column":4}},"line":39}},"f":{"0":0,"1":0,"2":18,"3":3,"4":1}}
,"/Users/hectorklikailo/Dev/DragonBallProject/dragon-ball-challenge/src/helpers/cacheUtils.ts": {"path":"/Users/hectorklikailo/Dev/DragonBallProject/dragon-ball-challenge/src/helpers/cacheUtils.ts","all":false,"statementMap":{"0":{"start":{"line":1,"column":0},"end":{"line":1,"column":55}},"2":{"start":{"line":3,"column":0},"end":{"line":3,"column":57}},"3":{"start":{"line":4,"column":0},"end":{"line":4,"column":47}},"4":{"start":{"line":5,"column":0},"end":{"line":5,"column":67}},"6":{"start":{"line":7,"column":0},"end":{"line":7,"column":38}},"7":{"start":{"line":8,"column":0},"end":{"line":8,"column":59}},"8":{"start":{"line":9,"column":0},"end":{"line":9,"column":36}},"9":{"start":{"line":10,"column":0},"end":{"line":10,"column":41}},"10":{"start":{"line":11,"column":0},"end":{"line":11,"column":12}},"11":{"start":{"line":12,"column":0},"end":{"line":12,"column":35}},"12":{"start":{"line":13,"column":0},"end":{"line":13,"column":50}},"13":{"start":{"line":14,"column":0},"end":{"line":14,"column":5}},"14":{"start":{"line":15,"column":0},"end":{"line":15,"column":3}},"15":{"start":{"line":16,"column":0},"end":{"line":16,"column":14}},"16":{"start":{"line":17,"column":0},"end":{"line":17,"column":1}},"18":{"start":{"line":19,"column":0},"end":{"line":19,"column":62}},"19":{"start":{"line":20,"column":0},"end":{"line":20,"column":50}},"20":{"start":{"line":21,"column":0},"end":{"line":21,"column":66}},"21":{"start":{"line":22,"column":0},"end":{"line":22,"column":1}}},"s":{"0":1,"2":1,"3":3,"4":3,"6":3,"7":3,"8":3,"9":1,"10":3,"11":2,"12":2,"13":2,"14":3,"15":2,"16":2,"18":1,"19":3,"20":3,"21":3},"branchMap":{"0":{"type":"branch","line":3,"loc":{"start":{"line":3,"column":7},"end":{"line":17,"column":1}},"locations":[{"start":{"line":3,"column":7},"end":{"line":17,"column":1}}]},"1":{"type":"branch","line":9,"loc":{"start":{"line":9,"column":35},"end":{"line":11,"column":11}},"locations":[{"start":{"line":9,"column":35},"end":{"line":11,"column":11}}]},"2":{"type":"branch","line":11,"loc":{"start":{"line":11,"column":4},"end":{"line":14,"column":5}},"locations":[{"start":{"line":11,"column":4},"end":{"line":14,"column":5}}]},"3":{"type":"branch","line":15,"loc":{"start":{"line":15,"column":2},"end":{"line":17,"column":1}},"locations":[{"start":{"line":15,"column":2},"end":{"line":17,"column":1}}]},"4":{"type":"branch","line":19,"loc":{"start":{"line":19,"column":7},"end":{"line":22,"column":1}},"locations":[{"start":{"line":19,"column":7},"end":{"line":22,"column":1}}]}},"b":{"0":[3],"1":[1],"2":[2],"3":[2],"4":[3]},"fnMap":{"0":{"name":"getCachedData","decl":{"start":{"line":3,"column":7},"end":{"line":17,"column":1}},"loc":{"start":{"line":3,"column":7},"end":{"line":17,"column":1}},"line":3},"1":{"name":"setCachedData","decl":{"start":{"line":19,"column":7},"end":{"line":22,"column":1}},"loc":{"start":{"line":19,"column":7},"end":{"line":22,"column":1}},"line":19}},"f":{"0":3,"1":3}}
,"/Users/hectorklikailo/Dev/DragonBallProject/dragon-ball-challenge/src/helpers/getFavsFromLocal.ts": {"path":"/Users/hectorklikailo/Dev/DragonBallProject/dragon-ball-challenge/src/helpers/getFavsFromLocal.ts","all":false,"statementMap":{"0":{"start":{"line":1,"column":0},"end":{"line":1,"column":61}},"1":{"start":{"line":2,"column":0},"end":{"line":2,"column":61}},"3":{"start":{"line":4,"column":0},"end":{"line":4,"column":7}},"4":{"start":{"line":5,"column":0},"end":{"line":5,"column":50}},"5":{"start":{"line":6,"column":0},"end":{"line":6,"column":19}},"6":{"start":{"line":7,"column":0},"end":{"line":7,"column":71}},"7":{"start":{"line":8,"column":0},"end":{"line":8,"column":14}},"8":{"start":{"line":9,"column":0},"end":{"line":9,"column":3}},"9":{"start":{"line":10,"column":0},"end":{"line":10,"column":2}}},"s":{"0":1,"1":3,"3":3,"4":3,"5":3,"6":1,"7":1,"8":1,"9":3},"branchMap":{"0":{"type":"branch","line":1,"loc":{"start":{"line":1,"column":44},"end":{"line":10,"column":2}},"locations":[{"start":{"line":1,"column":44},"end":{"line":10,"column":2}}]},"1":{"type":"branch","line":5,"loc":{"start":{"line":5,"column":11},"end":{"line":5,"column":47}},"locations":[{"start":{"line":5,"column":11},"end":{"line":5,"column":47}}]},"2":{"type":"branch","line":5,"loc":{"start":{"line":5,"column":43},"end":{"line":5,"column":50}},"locations":[{"start":{"line":5,"column":43},"end":{"line":5,"column":50}}]},"3":{"type":"branch","line":6,"loc":{"start":{"line":6,"column":2},"end":{"line":9,"column":3}},"locations":[{"start":{"line":6,"column":2},"end":{"line":9,"column":3}}]}},"b":{"0":[3],"1":[2],"2":[1],"3":[1]},"fnMap":{"0":{"name":"getFavoritesFromLocalStorage","decl":{"start":{"line":1,"column":44},"end":{"line":10,"column":2}},"loc":{"start":{"line":1,"column":44},"end":{"line":10,"column":2}},"line":1}},"f":{"0":3}}
,"/Users/hectorklikailo/Dev/DragonBallProject/dragon-ball-challenge/src/hooks/useCharacter.ts": {"path":"/Users/hectorklikailo/Dev/DragonBallProject/dragon-ball-challenge/src/hooks/useCharacter.ts","all":false,"statementMap":{"0":{"start":{"line":1,"column":0},"end":{"line":1,"column":44}},"1":{"start":{"line":2,"column":0},"end":{"line":2,"column":44}},"2":{"start":{"line":3,"column":0},"end":{"line":3,"column":69}},"5":{"start":{"line":6,"column":0},"end":{"line":6,"column":44}},"7":{"start":{"line":8,"column":0},"end":{"line":8,"column":39}},"8":{"start":{"line":9,"column":0},"end":{"line":9,"column":71}},"9":{"start":{"line":10,"column":0},"end":{"line":10,"column":56}},"11":{"start":{"line":12,"column":0},"end":{"line":12,"column":19}},"12":{"start":{"line":13,"column":0},"end":{"line":13,"column":13}},"13":{"start":{"line":14,"column":0},"end":{"line":14,"column":50}},"14":{"start":{"line":15,"column":0},"end":{"line":15,"column":65}},"16":{"start":{"line":17,"column":0},"end":{"line":17,"column":28}},"17":{"start":{"line":18,"column":0},"end":{"line":18,"column":39}},"18":{"start":{"line":19,"column":0},"end":{"line":19,"column":26}},"19":{"start":{"line":20,"column":0},"end":{"line":20,"column":15}},"20":{"start":{"line":21,"column":0},"end":{"line":21,"column":7}},"22":{"start":{"line":23,"column":0},"end":{"line":23,"column":40}},"23":{"start":{"line":24,"column":0},"end":{"line":24,"column":25}},"24":{"start":{"line":25,"column":0},"end":{"line":25,"column":43}},"25":{"start":{"line":26,"column":0},"end":{"line":26,"column":40}},"26":{"start":{"line":27,"column":0},"end":{"line":27,"column":28}},"27":{"start":{"line":28,"column":0},"end":{"line":28,"column":10}},"28":{"start":{"line":29,"column":0},"end":{"line":29,"column":22}},"29":{"start":{"line":30,"column":0},"end":{"line":30,"column":28}},"30":{"start":{"line":31,"column":0},"end":{"line":31,"column":11}},"31":{"start":{"line":32,"column":0},"end":{"line":32,"column":5}},"32":{"start":{"line":33,"column":0},"end":{"line":33,"column":11}},"34":{"start":{"line":35,"column":0},"end":{"line":35,"column":33}},"35":{"start":{"line":36,"column":0},"end":{"line":36,"column":2}},"37":{"start":{"line":38,"column":0},"end":{"line":38,"column":28}}},"s":{"0":1,"1":1,"2":1,"5":1,"7":1,"8":7,"9":7,"11":7,"12":4,"13":4,"14":4,"16":4,"17":1,"18":1,"19":1,"20":1,"22":3,"23":3,"24":2,"25":2,"26":2,"27":3,"28":3,"29":1,"30":3,"31":3,"32":7,"34":7,"35":7,"37":1},"branchMap":{"0":{"type":"branch","line":8,"loc":{"start":{"line":8,"column":21},"end":{"line":36,"column":2}},"locations":[{"start":{"line":8,"column":21},"end":{"line":36,"column":2}}]},"1":{"type":"branch","line":12,"loc":{"start":{"line":12,"column":12},"end":{"line":33,"column":5}},"locations":[{"start":{"line":12,"column":12},"end":{"line":33,"column":5}}]},"2":{"type":"branch","line":17,"loc":{"start":{"line":17,"column":27},"end":{"line":21,"column":7}},"locations":[{"start":{"line":17,"column":27},"end":{"line":21,"column":7}}]},"3":{"type":"branch","line":21,"loc":{"start":{"line":21,"column":6},"end":{"line":32,"column":5}},"locations":[{"start":{"line":21,"column":6},"end":{"line":32,"column":5}}]},"4":{"type":"branch","line":24,"loc":{"start":{"line":24,"column":14},"end":{"line":28,"column":9}},"locations":[{"start":{"line":24,"column":14},"end":{"line":28,"column":9}}]},"5":{"type":"branch","line":29,"loc":{"start":{"line":29,"column":15},"end":{"line":31,"column":9}},"locations":[{"start":{"line":29,"column":15},"end":{"line":31,"column":9}}]}},"b":{"0":[7],"1":[4],"2":[1],"3":[3],"4":[2],"5":[1]},"fnMap":{"0":{"name":"useCharacter","decl":{"start":{"line":8,"column":21},"end":{"line":36,"column":2}},"loc":{"start":{"line":8,"column":21},"end":{"line":36,"column":2}},"line":8}},"f":{"0":7}}
,"/Users/hectorklikailo/Dev/DragonBallProject/dragon-ball-challenge/src/hooks/useCharacters.ts": {"path":"/Users/hectorklikailo/Dev/DragonBallProject/dragon-ball-challenge/src/hooks/useCharacters.ts","all":false,"statementMap":{"0":{"start":{"line":1,"column":0},"end":{"line":1,"column":65}},"2":{"start":{"line":3,"column":0},"end":{"line":3,"column":44}},"3":{"start":{"line":4,"column":0},"end":{"line":4,"column":69}},"5":{"start":{"line":6,"column":0},"end":{"line":6,"column":37}},"7":{"start":{"line":8,"column":0},"end":{"line":8,"column":33}},"8":{"start":{"line":9,"column":0},"end":{"line":9,"column":69}},"9":{"start":{"line":10,"column":0},"end":{"line":10,"column":59}},"10":{"start":{"line":11,"column":0},"end":{"line":11,"column":57}},"11":{"start":{"line":12,"column":0},"end":{"line":12,"column":63}},"13":{"start":{"line":14,"column":0},"end":{"line":14,"column":19}},"14":{"start":{"line":15,"column":0},"end":{"line":15,"column":67}},"16":{"start":{"line":17,"column":0},"end":{"line":17,"column":27}},"17":{"start":{"line":18,"column":0},"end":{"line":18,"column":38}},"18":{"start":{"line":19,"column":0},"end":{"line":19,"column":24}},"19":{"start":{"line":20,"column":0},"end":{"line":20,"column":16}},"20":{"start":{"line":21,"column":0},"end":{"line":21,"column":5}},"22":{"start":{"line":23,"column":0},"end":{"line":23,"column":21}},"23":{"start":{"line":24,"column":0},"end":{"line":24,"column":36}},"24":{"start":{"line":25,"column":0},"end":{"line":25,"column":41}},"25":{"start":{"line":26,"column":0},"end":{"line":26,"column":37}},"26":{"start":{"line":27,"column":0},"end":{"line":27,"column":24}},"27":{"start":{"line":28,"column":0},"end":{"line":28,"column":7}},"28":{"start":{"line":29,"column":0},"end":{"line":29,"column":9}},"30":{"start":{"line":31,"column":0},"end":{"line":31,"column":63}},"31":{"start":{"line":32,"column":0},"end":{"line":32,"column":21}},"32":{"start":{"line":33,"column":0},"end":{"line":33,"column":44}},"33":{"start":{"line":34,"column":0},"end":{"line":34,"column":41}},"34":{"start":{"line":35,"column":0},"end":{"line":35,"column":24}},"35":{"start":{"line":36,"column":0},"end":{"line":36,"column":7}},"36":{"start":{"line":37,"column":0},"end":{"line":37,"column":9}},"38":{"start":{"line":39,"column":0},"end":{"line":39,"column":35}},"39":{"start":{"line":40,"column":0},"end":{"line":40,"column":56}},"40":{"start":{"line":41,"column":0},"end":{"line":41,"column":26}},"42":{"start":{"line":43,"column":0},"end":{"line":43,"column":37}},"43":{"start":{"line":44,"column":0},"end":{"line":44,"column":47}},"44":{"start":{"line":45,"column":0},"end":{"line":45,"column":7}},"46":{"start":{"line":47,"column":0},"end":{"line":47,"column":48}},"47":{"start":{"line":48,"column":0},"end":{"line":48,"column":36}},"48":{"start":{"line":49,"column":0},"end":{"line":49,"column":14}},"49":{"start":{"line":50,"column":0},"end":{"line":50,"column":87}},"50":{"start":{"line":51,"column":0},"end":{"line":51,"column":7}},"51":{"start":{"line":52,"column":0},"end":{"line":52,"column":6}},"52":{"start":{"line":53,"column":0},"end":{"line":53,"column":27}},"53":{"start":{"line":54,"column":0},"end":{"line":54,"column":4}},"55":{"start":{"line":56,"column":0},"end":{"line":56,"column":10}},"56":{"start":{"line":57,"column":0},"end":{"line":57,"column":15}},"57":{"start":{"line":58,"column":0},"end":{"line":58,"column":17}},"58":{"start":{"line":59,"column":0},"end":{"line":59,"column":15}},"59":{"start":{"line":60,"column":0},"end":{"line":60,"column":18}},"60":{"start":{"line":61,"column":0},"end":{"line":61,"column":12}},"61":{"start":{"line":62,"column":0},"end":{"line":62,"column":26}},"62":{"start":{"line":63,"column":0},"end":{"line":63,"column":4}},"63":{"start":{"line":64,"column":0},"end":{"line":64,"column":1}}},"s":{"0":1,"2":1,"3":1,"5":1,"7":1,"8":20,"9":20,"10":20,"11":20,"13":20,"14":5,"16":5,"17":1,"18":1,"19":1,"20":1,"22":4,"23":4,"24":4,"25":4,"26":4,"27":4,"28":20,"30":20,"31":2,"32":2,"33":2,"34":2,"35":2,"36":20,"38":20,"39":20,"40":3,"42":3,"43":1,"44":1,"46":3,"47":0,"48":3,"49":3,"50":3,"51":3,"52":20,"53":20,"55":20,"56":20,"57":20,"58":20,"59":20,"60":20,"61":20,"62":20,"63":20},"branchMap":{"0":{"type":"branch","line":8,"loc":{"start":{"line":8,"column":7},"end":{"line":64,"column":1}},"locations":[{"start":{"line":8,"column":7},"end":{"line":64,"column":1}}]},"1":{"type":"branch","line":14,"loc":{"start":{"line":14,"column":12},"end":{"line":29,"column":5}},"locations":[{"start":{"line":14,"column":12},"end":{"line":29,"column":5}}]},"2":{"type":"branch","line":17,"loc":{"start":{"line":17,"column":26},"end":{"line":21,"column":5}},"locations":[{"start":{"line":17,"column":26},"end":{"line":21,"column":5}}]},"3":{"type":"branch","line":21,"loc":{"start":{"line":21,"column":4},"end":{"line":28,"column":7}},"locations":[{"start":{"line":21,"column":4},"end":{"line":28,"column":7}}]},"4":{"type":"branch","line":24,"loc":{"start":{"line":24,"column":25},"end":{"line":28,"column":5}},"locations":[{"start":{"line":24,"column":25},"end":{"line":28,"column":5}}]},"5":{"type":"branch","line":31,"loc":{"start":{"line":31,"column":44},"end":{"line":37,"column":5}},"locations":[{"start":{"line":31,"column":44},"end":{"line":37,"column":5}}]},"6":{"type":"branch","line":33,"loc":{"start":{"line":33,"column":33},"end":{"line":36,"column":5}},"locations":[{"start":{"line":33,"column":33},"end":{"line":36,"column":5}}]},"7":{"type":"branch","line":40,"loc":{"start":{"line":40,"column":4},"end":{"line":52,"column":6}},"locations":[{"start":{"line":40,"column":4},"end":{"line":52,"column":6}}]},"8":{"type":"branch","line":43,"loc":{"start":{"line":43,"column":36},"end":{"line":45,"column":7}},"locations":[{"start":{"line":43,"column":36},"end":{"line":45,"column":7}}]},"9":{"type":"branch","line":47,"loc":{"start":{"line":47,"column":47},"end":{"line":49,"column":13}},"locations":[{"start":{"line":47,"column":47},"end":{"line":49,"column":13}}]},"10":{"type":"branch","line":50,"loc":{"start":{"line":50,"column":46},"end":{"line":50,"column":81}},"locations":[{"start":{"line":50,"column":46},"end":{"line":50,"column":81}}]}},"b":{"0":[20],"1":[5],"2":[1],"3":[4],"4":[4],"5":[2],"6":[2],"7":[3],"8":[1],"9":[0],"10":[2]},"fnMap":{"0":{"name":"useCharacters","decl":{"start":{"line":8,"column":7},"end":{"line":64,"column":1}},"loc":{"start":{"line":8,"column":7},"end":{"line":64,"column":1}},"line":8}},"f":{"0":20}}
,"/Users/hectorklikailo/Dev/DragonBallProject/dragon-ball-challenge/src/interfaces/Character.ts": {"path":"/Users/hectorklikailo/Dev/DragonBallProject/dragon-ball-challenge/src/interfaces/Character.ts","all":true,"statementMap":{},"s":{},"branchMap":{"0":{"type":"branch","line":1,"loc":{"start":{"line":1,"column":625},"end":{"line":40,"column":1}},"locations":[{"start":{"line":1,"column":625},"end":{"line":40,"column":1}}]}},"b":{"0":[1]},"fnMap":{"0":{"name":"(empty-report)","decl":{"start":{"line":1,"column":625},"end":{"line":40,"column":1}},"loc":{"start":{"line":1,"column":625},"end":{"line":40,"column":1}},"line":1}},"f":{"0":1}}
,"/Users/hectorklikailo/Dev/DragonBallProject/dragon-ball-challenge/src/interfaces/Comics.ts": {"path":"/Users/hectorklikailo/Dev/DragonBallProject/dragon-ball-challenge/src/interfaces/Comics.ts","all":false,"statementMap":{"78":{"start":{"line":79,"column":0},"end":{"line":79,"column":22}},"79":{"start":{"line":80,"column":0},"end":{"line":80,"column":46}},"80":{"start":{"line":81,"column":0},"end":{"line":81,"column":22}},"81":{"start":{"line":82,"column":0},"end":{"line":82,"column":28}},"82":{"start":{"line":83,"column":0},"end":{"line":83,"column":34}},"85":{"start":{"line":86,"column":0},"end":{"line":86,"column":20}},"86":{"start":{"line":87,"column":0},"end":{"line":87,"column":18}},"94":{"start":{"line":95,"column":0},"end":{"line":95,"column":23}},"95":{"start":{"line":96,"column":0},"end":{"line":96,"column":14}},"98":{"start":{"line":99,"column":0},"end":{"line":99,"column":18}},"99":{"start":{"line":100,"column":0},"end":{"line":100,"column":13}},"100":{"start":{"line":101,"column":0},"end":{"line":101,"column":28}},"101":{"start":{"line":102,"column":0},"end":{"line":102,"column":28}},"109":{"start":{"line":110,"column":0},"end":{"line":110,"column":23}},"110":{"start":{"line":111,"column":0},"end":{"line":111,"column":48}},"111":{"start":{"line":112,"column":0},"end":{"line":112,"column":28}},"127":{"start":{"line":128,"column":0},"end":{"line":128,"column":22}},"128":{"start":{"line":129,"column":0},"end":{"line":129,"column":18}},"129":{"start":{"line":130,"column":0},"end":{"line":130,"column":13}},"130":{"start":{"line":131,"column":0},"end":{"line":131,"column":34}},"139":{"start":{"line":140,"column":0},"end":{"line":140,"column":22}},"140":{"start":{"line":141,"column":0},"end":{"line":141,"column":17}},"143":{"start":{"line":144,"column":0},"end":{"line":144,"column":28}},"144":{"start":{"line":145,"column":0},"end":{"line":145,"column":42}},"145":{"start":{"line":146,"column":0},"end":{"line":146,"column":42}},"153":{"start":{"line":154,"column":0},"end":{"line":154,"column":21}},"154":{"start":{"line":155,"column":0},"end":{"line":155,"column":20}},"155":{"start":{"line":156,"column":0},"end":{"line":156,"column":26}},"156":{"start":{"line":157,"column":0},"end":{"line":157,"column":24}},"157":{"start":{"line":158,"column":0},"end":{"line":158,"column":20}}},"s":{"78":1,"79":1,"80":1,"81":1,"82":1,"85":1,"86":1,"94":1,"95":1,"98":1,"99":1,"100":1,"101":1,"109":1,"110":1,"111":1,"127":1,"128":1,"129":1,"130":1,"139":1,"140":1,"143":1,"144":1,"145":1,"153":1,"154":1,"155":1,"156":1,"157":1},"branchMap":{"0":{"type":"branch","line":79,"loc":{"start":{"line":79,"column":7},"end":{"line":79,"column":22}},"locations":[{"start":{"line":79,"column":7},"end":{"line":79,"column":22}}]},"1":{"type":"branch","line":86,"loc":{"start":{"line":86,"column":7},"end":{"line":86,"column":20}},"locations":[{"start":{"line":86,"column":7},"end":{"line":86,"column":20}}]},"2":{"type":"branch","line":95,"loc":{"start":{"line":95,"column":7},"end":{"line":95,"column":23}},"locations":[{"start":{"line":95,"column":7},"end":{"line":95,"column":23}}]},"3":{"type":"branch","line":99,"loc":{"start":{"line":99,"column":7},"end":{"line":99,"column":18}},"locations":[{"start":{"line":99,"column":7},"end":{"line":99,"column":18}}]},"4":{"type":"branch","line":110,"loc":{"start":{"line":110,"column":7},"end":{"line":110,"column":23}},"locations":[{"start":{"line":110,"column":7},"end":{"line":110,"column":23}}]},"5":{"type":"branch","line":128,"loc":{"start":{"line":128,"column":7},"end":{"line":128,"column":22}},"locations":[{"start":{"line":128,"column":7},"end":{"line":128,"column":22}}]},"6":{"type":"branch","line":140,"loc":{"start":{"line":140,"column":7},"end":{"line":140,"column":22}},"locations":[{"start":{"line":140,"column":7},"end":{"line":140,"column":22}}]},"7":{"type":"branch","line":144,"loc":{"start":{"line":144,"column":7},"end":{"line":144,"column":28}},"locations":[{"start":{"line":144,"column":7},"end":{"line":144,"column":28}}]},"8":{"type":"branch","line":154,"loc":{"start":{"line":154,"column":7},"end":{"line":154,"column":21}},"locations":[{"start":{"line":154,"column":7},"end":{"line":154,"column":21}}]}},"b":{"0":[1],"1":[1],"2":[1],"3":[1],"4":[1],"5":[1],"6":[1],"7":[1],"8":[1]},"fnMap":{},"f":{}}
,"/Users/hectorklikailo/Dev/DragonBallProject/dragon-ball-challenge/src/pages/Details/index.tsx": {"path":"/Users/hectorklikailo/Dev/DragonBallProject/dragon-ball-challenge/src/pages/Details/index.tsx","all":false,"statementMap":{"1":{"start":{"line":2,"column":0},"end":{"line":2,"column":34}},"2":{"start":{"line":3,"column":0},"end":{"line":3,"column":47}},"3":{"start":{"line":4,"column":0},"end":{"line":4,"column":52}},"4":{"start":{"line":5,"column":0},"end":{"line":5,"column":50}},"6":{"start":{"line":7,"column":0},"end":{"line":7,"column":41}},"7":{"start":{"line":8,"column":0},"end":{"line":8,"column":48}},"8":{"start":{"line":9,"column":0},"end":{"line":9,"column":79}},"10":{"start":{"line":11,"column":0},"end":{"line":11,"column":27}},"11":{"start":{"line":12,"column":0},"end":{"line":12,"column":23}},"12":{"start":{"line":13,"column":0},"end":{"line":13,"column":3}},"14":{"start":{"line":15,"column":0},"end":{"line":15,"column":47}},"15":{"start":{"line":16,"column":0},"end":{"line":16,"column":2}},"17":{"start":{"line":18,"column":0},"end":{"line":18,"column":31}}},"s":{"1":1,"2":1,"3":1,"4":1,"6":1,"7":2,"8":2,"10":2,"11":1,"12":1,"14":1,"15":1,"17":1},"branchMap":{"0":{"type":"branch","line":7,"loc":{"start":{"line":7,"column":34},"end":{"line":16,"column":2}},"locations":[{"start":{"line":7,"column":34},"end":{"line":16,"column":2}}]},"1":{"type":"branch","line":11,"loc":{"start":{"line":11,"column":26},"end":{"line":16,"column":2}},"locations":[{"start":{"line":11,"column":26},"end":{"line":16,"column":2}}]}},"b":{"0":[2],"1":[1]},"fnMap":{"0":{"name":"DetailContainer","decl":{"start":{"line":7,"column":34},"end":{"line":16,"column":2}},"loc":{"start":{"line":7,"column":34},"end":{"line":16,"column":2}},"line":7}},"f":{"0":2}}
,"/Users/hectorklikailo/Dev/DragonBallProject/dragon-ball-challenge/src/pages/Home/index.tsx": {"path":"/Users/hectorklikailo/Dev/DragonBallProject/dragon-ball-challenge/src/pages/Home/index.tsx","all":false,"statementMap":{"0":{"start":{"line":1,"column":0},"end":{"line":1,"column":44}},"1":{"start":{"line":2,"column":0},"end":{"line":2,"column":61}},"2":{"start":{"line":3,"column":0},"end":{"line":3,"column":47}},"3":{"start":{"line":4,"column":0},"end":{"line":4,"column":51}},"4":{"start":{"line":5,"column":0},"end":{"line":5,"column":55}},"5":{"start":{"line":6,"column":0},"end":{"line":6,"column":58}},"7":{"start":{"line":8,"column":0},"end":{"line":8,"column":32}},"8":{"start":{"line":9,"column":0},"end":{"line":9,"column":76}},"9":{"start":{"line":10,"column":0},"end":{"line":10,"column":66}},"11":{"start":{"line":12,"column":0},"end":{"line":12,"column":44}},"12":{"start":{"line":13,"column":0},"end":{"line":13,"column":24}},"13":{"start":{"line":14,"column":0},"end":{"line":14,"column":75}},"14":{"start":{"line":15,"column":0},"end":{"line":15,"column":19}},"15":{"start":{"line":16,"column":0},"end":{"line":16,"column":45}},"17":{"start":{"line":18,"column":0},"end":{"line":18,"column":10}},"18":{"start":{"line":19,"column":0},"end":{"line":19,"column":39}},"19":{"start":{"line":20,"column":0},"end":{"line":20,"column":38}},"20":{"start":{"line":21,"column":0},"end":{"line":21,"column":75}},"21":{"start":{"line":22,"column":0},"end":{"line":22,"column":56}},"22":{"start":{"line":23,"column":0},"end":{"line":23,"column":12}},"24":{"start":{"line":25,"column":0},"end":{"line":25,"column":32}},"25":{"start":{"line":26,"column":0},"end":{"line":26,"column":37}},"26":{"start":{"line":27,"column":0},"end":{"line":27,"column":49}},"27":{"start":{"line":28,"column":0},"end":{"line":28,"column":23}},"29":{"start":{"line":30,"column":0},"end":{"line":30,"column":14}},"30":{"start":{"line":31,"column":0},"end":{"line":31,"column":64}},"31":{"start":{"line":32,"column":0},"end":{"line":32,"column":38}},"32":{"start":{"line":33,"column":0},"end":{"line":33,"column":15}},"34":{"start":{"line":35,"column":0},"end":{"line":35,"column":14}},"35":{"start":{"line":36,"column":0},"end":{"line":36,"column":12}},"36":{"start":{"line":37,"column":0},"end":{"line":37,"column":10}},"38":{"start":{"line":39,"column":0},"end":{"line":39,"column":1}}},"s":{"0":1,"1":1,"2":1,"3":1,"4":1,"5":1,"7":3,"8":3,"9":3,"11":3,"12":3,"13":1,"14":2,"15":3,"17":3,"18":3,"19":3,"20":3,"21":3,"22":3,"24":3,"25":3,"26":3,"27":1,"29":2,"30":2,"31":2,"32":2,"34":3,"35":3,"36":3,"38":3},"branchMap":{"0":{"type":"branch","line":8,"loc":{"start":{"line":8,"column":0},"end":{"line":39,"column":1}},"locations":[{"start":{"line":8,"column":0},"end":{"line":39,"column":1}}]},"1":{"type":"branch","line":27,"loc":{"start":{"line":27,"column":11},"end":{"line":27,"column":49}},"locations":[{"start":{"line":27,"column":11},"end":{"line":27,"column":49}}]},"2":{"type":"branch","line":27,"loc":{"start":{"line":27,"column":44},"end":{"line":28,"column":23}},"locations":[{"start":{"line":27,"column":44},"end":{"line":28,"column":23}}]},"3":{"type":"branch","line":28,"loc":{"start":{"line":28,"column":21},"end":{"line":33,"column":15}},"locations":[{"start":{"line":28,"column":21},"end":{"line":33,"column":15}}]},"4":{"type":"branch","line":32,"loc":{"start":{"line":32,"column":15},"end":{"line":32,"column":38}},"locations":[{"start":{"line":32,"column":15},"end":{"line":32,"column":38}}]},"5":{"type":"branch","line":12,"loc":{"start":{"line":12,"column":37},"end":{"line":16,"column":5}},"locations":[{"start":{"line":12,"column":37},"end":{"line":16,"column":5}}]},"6":{"type":"branch","line":13,"loc":{"start":{"line":13,"column":11},"end":{"line":14,"column":75}},"locations":[{"start":{"line":13,"column":11},"end":{"line":14,"column":75}}]},"7":{"type":"branch","line":14,"loc":{"start":{"line":14,"column":74},"end":{"line":15,"column":19}},"locations":[{"start":{"line":14,"column":74},"end":{"line":15,"column":19}}]},"8":{"type":"branch","line":14,"loc":{"start":{"line":14,"column":27},"end":{"line":14,"column":74}},"locations":[{"start":{"line":14,"column":27},"end":{"line":14,"column":74}}]}},"b":{"0":[3],"1":[1],"2":[1],"3":[2],"4":[0],"5":[3],"6":[1],"7":[2],"8":[3]},"fnMap":{"0":{"name":"Home","decl":{"start":{"line":8,"column":0},"end":{"line":39,"column":1}},"loc":{"start":{"line":8,"column":0},"end":{"line":39,"column":1}},"line":8}},"f":{"0":3}}
,"/Users/hectorklikailo/Dev/DragonBallProject/dragon-ball-challenge/src/services/FavoriteService.ts": {"path":"/Users/hectorklikailo/Dev/DragonBallProject/dragon-ball-challenge/src/services/FavoriteService.ts","all":false,"statementMap":{"0":{"start":{"line":1,"column":0},"end":{"line":1,"column":30}},"1":{"start":{"line":2,"column":0},"end":{"line":2,"column":45}},"2":{"start":{"line":3,"column":0},"end":{"line":3,"column":38}},"4":{"start":{"line":5,"column":0},"end":{"line":5,"column":28}},"6":{"start":{"line":7,"column":0},"end":{"line":7,"column":50}},"7":{"start":{"line":8,"column":0},"end":{"line":8,"column":38}},"8":{"start":{"line":9,"column":0},"end":{"line":9,"column":57}},"9":{"start":{"line":10,"column":0},"end":{"line":10,"column":7}},"10":{"start":{"line":11,"column":0},"end":{"line":11,"column":38}},"11":{"start":{"line":12,"column":0},"end":{"line":12,"column":5}},"13":{"start":{"line":14,"column":0},"end":{"line":14,"column":37}},"14":{"start":{"line":15,"column":0},"end":{"line":15,"column":72}},"15":{"start":{"line":16,"column":0},"end":{"line":16,"column":5}},"17":{"start":{"line":18,"column":0},"end":{"line":18,"column":53}},"18":{"start":{"line":19,"column":0},"end":{"line":19,"column":72}},"19":{"start":{"line":20,"column":0},"end":{"line":20,"column":5}},"21":{"start":{"line":22,"column":0},"end":{"line":22,"column":70}},"22":{"start":{"line":23,"column":0},"end":{"line":23,"column":35}},"23":{"start":{"line":24,"column":0},"end":{"line":24,"column":47}},"24":{"start":{"line":25,"column":0},"end":{"line":25,"column":29}},"25":{"start":{"line":26,"column":0},"end":{"line":26,"column":5}},"26":{"start":{"line":27,"column":0},"end":{"line":27,"column":3}}},"s":{"0":1,"1":1,"2":1,"4":1,"6":1,"7":11,"8":2,"9":2,"10":11,"11":11,"13":1,"14":4,"15":4,"17":1,"18":1,"19":1,"21":1,"22":2,"23":1,"24":1,"25":2,"26":1},"branchMap":{"0":{"type":"branch","line":2,"loc":{"start":{"line":2,"column":4},"end":{"line":2,"column":45}},"locations":[{"start":{"line":2,"column":4},"end":{"line":2,"column":45}}]},"1":{"type":"branch","line":3,"loc":{"start":{"line":3,"column":12},"end":{"line":3,"column":38}},"locations":[{"start":{"line":3,"column":12},"end":{"line":3,"column":38}}]},"2":{"type":"branch","line":5,"loc":{"start":{"line":5,"column":12},"end":{"line":5,"column":28}},"locations":[{"start":{"line":5,"column":12},"end":{"line":5,"column":28}}]},"3":{"type":"branch","line":7,"loc":{"start":{"line":7,"column":18},"end":{"line":12,"column":5}},"locations":[{"start":{"line":7,"column":18},"end":{"line":12,"column":5}}]},"4":{"type":"branch","line":8,"loc":{"start":{"line":8,"column":37},"end":{"line":10,"column":7}},"locations":[{"start":{"line":8,"column":37},"end":{"line":10,"column":7}}]},"5":{"type":"branch","line":14,"loc":{"start":{"line":14,"column":11},"end":{"line":16,"column":5}},"locations":[{"start":{"line":14,"column":11},"end":{"line":16,"column":5}}]},"6":{"type":"branch","line":15,"loc":{"start":{"line":15,"column":61},"end":{"line":15,"column":70}},"locations":[{"start":{"line":15,"column":61},"end":{"line":15,"column":70}}]},"7":{"type":"branch","line":18,"loc":{"start":{"line":18,"column":11},"end":{"line":20,"column":5}},"locations":[{"start":{"line":18,"column":11},"end":{"line":20,"column":5}}]},"8":{"type":"branch","line":22,"loc":{"start":{"line":22,"column":11},"end":{"line":26,"column":5}},"locations":[{"start":{"line":22,"column":11},"end":{"line":26,"column":5}}]},"9":{"type":"branch","line":23,"loc":{"start":{"line":23,"column":34},"end":{"line":24,"column":47}},"locations":[{"start":{"line":23,"column":34},"end":{"line":24,"column":47}}]},"10":{"type":"branch","line":24,"loc":{"start":{"line":24,"column":46},"end":{"line":25,"column":29}},"locations":[{"start":{"line":24,"column":46},"end":{"line":25,"column":29}}]},"11":{"type":"branch","line":24,"loc":{"start":{"line":24,"column":27},"end":{"line":24,"column":46}},"locations":[{"start":{"line":24,"column":27},"end":{"line":24,"column":46}}]}},"b":{"0":[7],"1":[2],"2":[2],"3":[11],"4":[2],"5":[4],"6":[3],"7":[1],"8":[2],"9":[1],"10":[1],"11":[3]},"fnMap":{"0":{"name":"<static_initializer>","decl":{"start":{"line":2,"column":4},"end":{"line":2,"column":45}},"loc":{"start":{"line":2,"column":4},"end":{"line":2,"column":45}},"line":2},"1":{"name":"<instance_members_initializer>","decl":{"start":{"line":3,"column":12},"end":{"line":3,"column":38}},"loc":{"start":{"line":3,"column":12},"end":{"line":3,"column":38}},"line":3},"2":{"name":"FavoriteService","decl":{"start":{"line":5,"column":12},"end":{"line":5,"column":28}},"loc":{"start":{"line":5,"column":12},"end":{"line":5,"column":28}},"line":5},"3":{"name":"getInstance","decl":{"start":{"line":7,"column":18},"end":{"line":12,"column":5}},"loc":{"start":{"line":7,"column":18},"end":{"line":12,"column":5}},"line":7},"4":{"name":"getFavorites","decl":{"start":{"line":14,"column":11},"end":{"line":16,"column":5}},"loc":{"start":{"line":14,"column":11},"end":{"line":16,"column":5}},"line":14},"5":{"name":"saveFavorites","decl":{"start":{"line":18,"column":11},"end":{"line":20,"column":5}},"loc":{"start":{"line":18,"column":11},"end":{"line":20,"column":5}},"line":18},"6":{"name":"toggleFavorite","decl":{"start":{"line":22,"column":11},"end":{"line":26,"column":5}},"loc":{"start":{"line":22,"column":11},"end":{"line":26,"column":5}},"line":22}},"f":{"0":7,"1":2,"2":2,"3":11,"4":4,"5":1,"6":2}}
,"/Users/hectorklikailo/Dev/DragonBallProject/dragon-ball-challenge/src/services/getCharacters.ts": {"path":"/Users/hectorklikailo/Dev/DragonBallProject/dragon-ball-challenge/src/services/getCharacters.ts","all":false,"statementMap":{"0":{"start":{"line":1,"column":0},"end":{"line":1,"column":27}},"9":{"start":{"line":10,"column":0},"end":{"line":10,"column":103}},"11":{"start":{"line":12,"column":0},"end":{"line":12,"column":7}},"12":{"start":{"line":13,"column":0},"end":{"line":13,"column":63}},"13":{"start":{"line":14,"column":0},"end":{"line":14,"column":79}},"14":{"start":{"line":15,"column":0},"end":{"line":15,"column":47}},"16":{"start":{"line":17,"column":0},"end":{"line":17,"column":73}},"17":{"start":{"line":18,"column":0},"end":{"line":18,"column":32}},"18":{"start":{"line":19,"column":0},"end":{"line":19,"column":51}},"19":{"start":{"line":20,"column":0},"end":{"line":20,"column":7}},"20":{"start":{"line":21,"column":0},"end":{"line":21,"column":7}},"22":{"start":{"line":23,"column":0},"end":{"line":23,"column":41}},"24":{"start":{"line":25,"column":0},"end":{"line":25,"column":38}},"25":{"start":{"line":26,"column":0},"end":{"line":26,"column":61}},"27":{"start":{"line":28,"column":0},"end":{"line":28,"column":53}},"28":{"start":{"line":29,"column":0},"end":{"line":29,"column":19}},"29":{"start":{"line":30,"column":0},"end":{"line":30,"column":54}},"30":{"start":{"line":31,"column":0},"end":{"line":31,"column":16}},"31":{"start":{"line":32,"column":0},"end":{"line":32,"column":3}},"32":{"start":{"line":33,"column":0},"end":{"line":33,"column":1}}},"s":{"0":1,"9":4,"11":4,"12":4,"13":4,"14":4,"16":4,"17":5,"18":5,"19":5,"20":4,"22":4,"24":4,"25":3,"27":4,"28":4,"29":1,"30":1,"31":1,"32":4},"branchMap":{"0":{"type":"branch","line":10,"loc":{"start":{"line":10,"column":0},"end":{"line":33,"column":1}},"locations":[{"start":{"line":10,"column":0},"end":{"line":33,"column":1}}]},"1":{"type":"branch","line":14,"loc":{"start":{"line":14,"column":40},"end":{"line":14,"column":74}},"locations":[{"start":{"line":14,"column":40},"end":{"line":14,"column":74}}]},"2":{"type":"branch","line":14,"loc":{"start":{"line":14,"column":69},"end":{"line":14,"column":77}},"locations":[{"start":{"line":14,"column":69},"end":{"line":14,"column":77}}]},"3":{"type":"branch","line":25,"loc":{"start":{"line":25,"column":36},"end":{"line":28,"column":31}},"locations":[{"start":{"line":25,"column":36},"end":{"line":28,"column":31}}]},"4":{"type":"branch","line":28,"loc":{"start":{"line":28,"column":22},"end":{"line":28,"column":46}},"locations":[{"start":{"line":28,"column":22},"end":{"line":28,"column":46}}]},"5":{"type":"branch","line":28,"loc":{"start":{"line":28,"column":38},"end":{"line":28,"column":53}},"locations":[{"start":{"line":28,"column":38},"end":{"line":28,"column":53}}]},"6":{"type":"branch","line":29,"loc":{"start":{"line":29,"column":2},"end":{"line":32,"column":3}},"locations":[{"start":{"line":29,"column":2},"end":{"line":32,"column":3}}]},"7":{"type":"branch","line":17,"loc":{"start":{"line":17,"column":54},"end":{"line":21,"column":5}},"locations":[{"start":{"line":17,"column":54},"end":{"line":21,"column":5}}]}},"b":{"0":[4],"1":[1],"2":[3],"3":[3],"4":[2],"5":[1],"6":[1],"7":[5]},"fnMap":{"0":{"name":"getCharacters","decl":{"start":{"line":10,"column":0},"end":{"line":33,"column":1}},"loc":{"start":{"line":10,"column":0},"end":{"line":33,"column":1}},"line":10}},"f":{"0":4}}
,"/Users/hectorklikailo/Dev/DragonBallProject/dragon-ball-challenge/src/services/index.ts": {"path":"/Users/hectorklikailo/Dev/DragonBallProject/dragon-ball-challenge/src/services/index.ts","all":false,"statementMap":{"1":{"start":{"line":2,"column":0},"end":{"line":2,"column":48}},"2":{"start":{"line":3,"column":0},"end":{"line":3,"column":52}}},"s":{"1":1,"2":1},"branchMap":{},"b":{},"fnMap":{},"f":{}}
}
